{"numTotalTestSuites":7,"numPassedTestSuites":7,"numFailedTestSuites":0,"numPendingTestSuites":0,"numTotalTests":16,"numPassedTests":11,"numFailedTests":5,"numPendingTests":0,"numTodoTests":0,"startTime":1774077587695,"success":false,"testResults":[{"assertionResults":[{"ancestorTitles":["","Costs Page - Tactical HUD","Tactical Header & Nav"],"fullName":" Costs Page - Tactical HUD Tactical Header & Nav displays NeuralSync branding","status":"failed","title":"displays NeuralSync branding","duration":35,"failureMessages":["\"setSystemTime\" was called already and date was mocked. Reset timers using `vi.useRealTimers()` if you want to use fake timers again."],"location":{"line":82,"column":8}},{"ancestorTitles":["","Costs Page - Tactical HUD","Tactical Header & Nav"],"fullName":" Costs Page - Tactical HUD Tactical Header & Nav highlights Intelligence ROI as active","status":"failed","title":"highlights Intelligence ROI as active","duration":5214,"failureMessages":["Found multiple elements with the text: Intelligence ROI\n\nHere are the matching elements:\n\nIgnored nodes: comments, script, style\n\u001b[36m<a\u001b[39m\n  \u001b[33mclass\u001b[39m=\u001b[32m\"text-[11px] font-black uppercase tracking-[0.2em] text-[var(--mantis-glow)] border-b-2 border-[var(--mantis-glow)] pb-1\"\u001b[39m\n  \u001b[33mhref\u001b[39m=\u001b[32m\"#\"\u001b[39m\n\u001b[36m>\u001b[39m\n  \u001b[0mIntelligence ROI\u001b[0m\n\u001b[36m</a>\u001b[39m\n\nIgnored nodes: comments, script, style\n\u001b[36m<span\u001b[39m\n  \u001b[33mclass\u001b[39m=\u001b[32m\"text-[10px] font-black uppercase tracking-[0.2em]\"\u001b[39m\n\u001b[36m>\u001b[39m\n  \u001b[0mIntelligence ROI\u001b[0m\n\u001b[36m</span>\u001b[39m\n\nIgnored nodes: comments, script, style\n\u001b[36m<span\u001b[39m\n  \u001b[33mclass\u001b[39m=\u001b[32m\"text-[9px] font-black text-[var(--mantis-glow)] uppercase tracking-widest\"\u001b[39m\n\u001b[36m>\u001b[39m\n  \u001b[0mIntelligence ROI\u001b[0m\n\u001b[36m</span>\u001b[39m\n\n(If this is intentional, then use the `*AllBy*` variant of the query (like `queryAllByText`, `getAllByText`, or `findAllByText`)).\n\nIgnored nodes: comments, script, style\n\u001b[36m<body>\u001b[39m\n  \u001b[36m<div>\u001b[39m\n    \u001b[36m<div\u001b[39m\n      \u001b[33mclass\u001b[39m=\u001b[32m\"fixed inset-0 bg-[#0d0d12] text-white flex flex-col font-sans overflow-hidden\"\u001b[39m\n    \u001b[36m>\u001b[39m\n      \u001b[36m<div\u001b[39m\n        \u001b[33mclass\u001b[39m=\u001b[32m\"scanline-overlay pointer-events-none opacity-[0.05]\"\u001b[39m\n      \u001b[36m/>\u001b[39m\n      \u001b[36m<div\u001b[39m\n        \u001b[33mclass\u001b[39m=\u001b[32m\"liquid-orb top-0 -left-20 w-[600px] h-[600px] bg-[var(--mantis-glow)]/10\"\u001b[39m\n      \u001b[36m/>\u001b[39m\n      \u001b[36m<div\u001b[39m\n        \u001b[33mclass\u001b[39m=\u001b[32m\"liquid-orb bottom-0 -right-20 w-[600px] h-[600px] bg-purple-500/5\"\u001b[39m\n      \u001b[36m/>\u001b[39m\n      \u001b[36m<header\u001b[39m\n        \u001b[33mclass\u001b[39m=\u001b[32m\"h-20 border-b border-white/[0.05] flex items-center justify-between px-10 shrink-0 backdrop-blur-md sticky top-0 z-50\"\u001b[39m\n      \u001b[36m>\u001b[39m\n        \u001b[36m<div\u001b[39m\n          \u001b[33mclass\u001b[39m=\u001b[32m\"flex items-center gap-12\"\u001b[39m\n        \u001b[36m>\u001b[39m\n          \u001b[36m<div\u001b[39m\n            \u001b[33mclass\u001b[39m=\u001b[32m\"flex items-center gap-3\"\u001b[39m\n          \u001b[36m>\u001b[39m\n            \u001b[36m<div\u001b[39m\n              \u001b[33mclass\u001b[39m=\u001b[32m\"w-8 h-8 flex items-center justify-center\"\u001b[39m\n            \u001b[36m>\u001b[39m\n              \u001b[36m<svg\u001b[39m\n                \u001b[33mfill\u001b[39m=\u001b[32m\"none\"\u001b[39m\n                \u001b[33mheight\u001b[39m=\u001b[32m\"32\"\u001b[39m\n                \u001b[33mviewBox\u001b[39m=\u001b[32m\"0 0 32 32\"\u001b[39m\n                \u001b[33mwidth\u001b[39m=\u001b[32m\"32\"\u001b[39m\n                \u001b[33mxmlns\u001b[39m=\u001b[32m\"http://www.w3.org/2000/svg\"\u001b[39m\n              \u001b[36m>\u001b[39m\n                \u001b[36m<path\u001b[39m\n                  \u001b[33md\u001b[39m=\u001b[32m\"M16 4L4 28H28L16 4Z\"\u001b[39m\n                  \u001b[33mstroke\u001b[39m=\u001b[32m\"var(--mantis-glow)\"\u001b[39m\n                  \u001b[33mstroke-linejoin\u001b[39m=\u001b[32m\"round\"\u001b[39m\n                  \u001b[33mstroke-width\u001b[39m=\u001b[32m\"2\"\u001b[39m\n                \u001b[36m/>\u001b[39m\n                \u001b[36m<circle\u001b[39m\n                  \u001b[33mclass\u001b[39m=\u001b[32m\"animate-pulse\"\u001b[39m\n                  \u001b[33mcx\u001b[39m=\u001b[32m\"16\"\u001b[39m\n                  \u001b[33mcy\u001b[39m=\u001b[32m\"18\"\u001b[39m\n                  \u001b[33mfill\u001b[39m=\u001b[32m\"var(--mantis-glow)\"\u001b[39m\n                  \u001b[33mr\u001b[39m=\u001b[32m\"4\"\u001b[39m\n                \u001b[36m/>\u001b[39m\n              \u001b[36m</svg>\u001b[39m\n            \u001b[36m</div>\u001b[39m\n            \u001b[36m<h1\u001b[39m\n              \u001b[33mclass\u001b[39m=\u001b[32m\"text-2xl font-black text-white italic tracking-tighter\"\u001b[39m\n            \u001b[36m>\u001b[39m\n              \u001b[0mNeural\u001b[0m\n              \u001b[36m<span\u001b[39m\n                \u001b[33mclass\u001b[39m=\u001b[32m\"text-[var(--mantis-glow)]\"\u001b[39m\n              \u001b[36m>\u001b[39m\n                \u001b[0mSync\u001b[0m\n              \u001b[36m</span>\u001b[39m\n            \u001b[36m</h1>\u001b[39m\n          \u001b[36m</div>\u001b[39m\n          \u001b[36m<nav\u001b[39m\n            \u001b[33mclass\u001b[39m=\u001b[32m\"hidden md:flex items-center gap-8\"\u001b[39m\n          \u001b[36m>\u001b[39m\n            \u001b[36m<a\u001b[39m\n              \u001b[33mclass\u001b[39m=\u001b[32m\"text-[11px] font-black uppercase tracking-[0.2em] text-[var(--mantis-glow)] border-b-2 border-[var(--mantis-glow)] pb-1\"\u001b[39m\n              \u001b[33mhref\u001b[39m=\u001b[32m\"#\"\u001b[39m\n            \u001b[36m>\u001b[39m\n              \u001b[0mIntelligence ROI\u001b[0m\n            \u001b[36m</a>\u001b[39m\n            \u001b[36m<a\u001b[39m\n              \u001b[33mclass\u001b[39m=\u001b[32m\"text-[11px] font-black uppercase tracking-[0.2em] text-white/40 hover:text-white transition-colors\"\u001b[39m\n              \u001b[33mhref\u001b[39m=\u001b[32m\"#\"\u001b[39m\n            \u001b[36m>\u001b[39m\n              \u001b[0mSpectral Data\u001b[0m\n            \u001b[36m</a>\u001b[39m\n            \u001b[36m<a\u001b[39m\n              \u001b[33mclass\u001b[39m=\u001b[32m\"text-[11px] font-black uppercase tracking-[0.2em] text-white/40 hover:text-white transition-colors\"\u001b[39m\n              \u001b[33mhref\u001b[39m=\u001b[32m\"#\"\u001b[39m\n            \u001b[36m>\u001b[39m\n              \u001b[0mOrchestration\u001b[0m\n            \u001b[36m</a>\u001b[39m\n          \u001b[36m</nav>\u001b[39m\n        \u001b[36m</div>\u001b[39m\n        \u001b[36m<div\u001b[39m\n          \u001b[33mclass\u001b[39m=\u001b[32m\"flex items-center gap-6\"\u001b[39m\n        \u001b[36m>\u001b[39m\n          \u001b[36m<button\u001b[39m\n            \u001b[33mclass\u001b[39m=\u001b[32m\"text-white/40 hover:text-white transition-colors relative\"\u001b[39m\n          \u001b[36m>\u001b[39m\n            \u001b[36m<svg\u001b[39m\n              \u001b[33maria-hidden\u001b[39m=\u001b[32m\"true\"\u001b[39m\n              \u001b[33mclass\u001b[39m=\u001b[32m\"lucide lucide-bell\"\u001b[39m\n              \u001b[33mfill\u001b[39m=\u001b[32m\"none\"\u001b[39m\n              \u001b[33mheight\u001b[39m=\u001b[32m\"20\"\u001b[39m\n              \u001b[33mstroke\u001b[39m=\u001b[32m\"currentColor\"\u001b[39m\n              \u001b[33mstroke-linecap\u001b[39m=\u001b[32m\"round\"\u001b[39m\n              \u001b[33mstroke-linejoin\u001b[39m=\u001b[32m\"round\"\u001b[39m\n              \u001b[33mstroke-width\u001b[39m=\u001b[32m\"2\"\u001b[39m\n              \u001b[33mviewBox\u001b[39m=\u001b[32m\"0 0 24 24\"\u001b[39m\n              \u001b[33mwidth\u001b[39m=\u001b[32m\"20\"\u001b[39m\n              \u001b[33mxmlns\u001b[39m=\u001b[32m\"http://www.w3.org/2000/svg\"\u001b[39m\n            \u001b[36m>\u001b[39m\n              \u001b[36m<path\u001b[39m\n                \u001b[33md\u001b[39m=\u001b[32m\"M10.268 21a2 2 0 0 0 3.464 0\"\u001b[39m\n              \u001b[36m/>\u001b[39m\n              \u001b[36m<path\u001b[39m\n                \u001b[33md\u001b[39m=\u001b[32m\"M3.262 15.326A1 1 0 0 0 4 17h16a1 1 0 0 0 .74-1.673C19.41 13.956 18 12.499 18 8A6 6 0 0 0 6 8c0 4.499-1.411 5.956-2.738 7.326\"\u001b[39m\n              \u001b[36m/>\u001b[39m\n            \u001b[36m</svg>\u001b[39m\n            \u001b[36m<div\u001b[39m\n              \u001b[33mclass\u001b[39m=\u001b[32m\"absolute top-0 right-0 w-2 h-2 bg-rose-500 rounded-full border-2 border-[#0d0d12]\"\u001b[39m\n            \u001b[36m/>\u001b[39m\n          \u001b[36m</button>\u001b[39m\n          \u001b[36m<button\u001b[39m\n            \u001b[33mclass\u001b[39m=\u001b[32m\"text-white/40 hover:text-white transition-colors\"\u001b[39m\n          \u001b[36m>\u001b[39m\n            \u001b[36m<svg\u001b[39m\n              \u001b[33maria-hidden\u001b[39m=\u001b[32m\"true\"\u001b[39m\n              \u001b[33mclass\u001b[39m=\u001b[32m\"lucide lucide-settings\"\u001b[39m\n              \u001b[33mfill\u001b[39m=\u001b[32m\"none\"\u001b[39m\n              \u001b[33mheight\u001b[39m=\u001b[32m\"20\"\u001b[39m\n              \u001b[33mstroke\u001b[39m=\u001b[32m\"currentColor\"\u001b[39m\n              \u001b[33mstroke-linecap\u001b[39m=\u001b[32m\"round\"\u001b[39m\n              \u001b[33mstroke-linejoin\u001b[39m=\u001b[32m\"round\"\u001b[39m\n              \u001b[33mstroke-width\u001b[39m=\u001b[32m\"2\"\u001b[39m\n              \u001b[33mviewBox\u001b[39m=\u001b[32m\"0 0 24 24\"\u001b[39m\n              \u001b[33mwidth\u001b[39m=\u001b[32m\"20\"\u001b[39m\n              \u001b[33mxmlns\u001b[39m=\u001b[32m\"http://www.w3.org/2000/svg\"\u001b[39m\n            \u001b[36m>\u001b[39m\n              \u001b[36m<path\u001b[39m\n                \u001b[33md\u001b[39m=\u001b[32m\"M9.671 4.136a2.34 2.34 0 0 1 4.659 0 2.34 2.34 0 0 0 3.319 1.915 2.34 2.34 0 0 1 2.33 4.033 2.34 2.34 0 0 0 0 3.831 2.34 2.34 0 0 1-2.33 4.033 2.34 2.34 0 0 0-3.319 1.915 2.34 2.34 0 0 1-4.659 0 2.34 2.34 0 0 0-3.32-1.915 2.34 2.34 0 0 1-2.33-4.033 2.34 2.34 0 0 0 0-3.831A2.34 2.34 0 0 1 6.35 6.051a2.34 2.34 0 0 0 3.319-1.915\"\u001b[39m\n              \u001b[36m/>\u001b[39m\n              \u001b[36m<circle\u001b[39m\n                \u001b[33mcx\u001b[39m=\u001b[32m\"12\"\u001b[39m\n                \u001b[33mcy\u001b[39m=\u001b[32m\"12\"\u001b[39m\n                \u001b[33mr\u001b[39m=\u001b[32m\"3\"\u001b[39m\n              \u001b[36m/>\u001b[39m\n            \u001b[36m</svg>\u001b[39m\n          \u001b[36m</button>\u001b[39m\n          \u001b[36m<div\u001b[39m\n            \u001b[33mclass\u001b[39m=\u001b[32m\"w-10 h-10 rounded-full border border-white/10 bg-white/5 flex items-center justify-center text-[var(--mantis-glow)]\"\u001b[39m\n          \u001b[36m>\u001b[39m\n            \u001b[36m<svg\u001b[39m\n              \u001b[33maria-hidden\u001b[39m=\u001b[32m\"true\"\u001b[39m\n              \u001b[33mclass\u001b[39m=\u001b[32m\"lucide lucide-user\"\u001b[39m\n              \u001b[33mfill\u001b[39m=\u001b[32m\"none\"\u001b[39..."],"location":{"line":37,"column":19}},{"ancestorTitles":["","Costs Page - Tactical HUD","Tactical Header & Nav"],"fullName":" Costs Page - Tactical HUD Tactical Header & Nav displays sidebar navigation","status":"failed","title":"displays sidebar navigation","duration":1168,"failureMessages":["Found multiple elements with the text: Spectral Data\n\nHere are the matching elements:\n\nIgnored nodes: comments, script, style\n\u001b[36m<a\u001b[39m\n  \u001b[33mclass\u001b[39m=\u001b[32m\"text-[11px] font-black uppercase tracking-[0.2em] text-white/40 hover:text-white transition-colors\"\u001b[39m\n  \u001b[33mhref\u001b[39m=\u001b[32m\"#\"\u001b[39m\n\u001b[36m>\u001b[39m\n  \u001b[0mSpectral Data\u001b[0m\n\u001b[36m</a>\u001b[39m\n\nIgnored nodes: comments, script, style\n\u001b[36m<span\u001b[39m\n  \u001b[33mclass\u001b[39m=\u001b[32m\"text-[10px] font-black uppercase tracking-[0.2em]\"\u001b[39m\n\u001b[36m>\u001b[39m\n  \u001b[0mSpectral Data\u001b[0m\n\u001b[36m</span>\u001b[39m\n\nIgnored nodes: comments, script, style\n\u001b[36m<th\u001b[39m\n  \u001b[33mclass\u001b[39m=\u001b[32m\"text-[9px] font-black text-white/20 uppercase tracking-widest pb-4\"\u001b[39m\n\u001b[36m>\u001b[39m\n  \u001b[0mSpectral Data\u001b[0m\n\u001b[36m</th>\u001b[39m\n\n(If this is intentional, then use the `*AllBy*` variant of the query (like `queryAllByText`, `getAllByText`, or `findAllByText`)).\n\nIgnored nodes: comments, script, style\n\u001b[36m<body>\u001b[39m\n  \u001b[36m<div>\u001b[39m\n    \u001b[36m<div\u001b[39m\n      \u001b[33mclass\u001b[39m=\u001b[32m\"fixed inset-0 bg-[#0d0d12] text-white flex flex-col font-sans overflow-hidden\"\u001b[39m\n    \u001b[36m>\u001b[39m\n      \u001b[36m<div\u001b[39m\n        \u001b[33mclass\u001b[39m=\u001b[32m\"scanline-overlay pointer-events-none opacity-[0.05]\"\u001b[39m\n      \u001b[36m/>\u001b[39m\n      \u001b[36m<div\u001b[39m\n        \u001b[33mclass\u001b[39m=\u001b[32m\"liquid-orb top-0 -left-20 w-[600px] h-[600px] bg-[var(--mantis-glow)]/10\"\u001b[39m\n      \u001b[36m/>\u001b[39m\n      \u001b[36m<div\u001b[39m\n        \u001b[33mclass\u001b[39m=\u001b[32m\"liquid-orb bottom-0 -right-20 w-[600px] h-[600px] bg-purple-500/5\"\u001b[39m\n      \u001b[36m/>\u001b[39m\n      \u001b[36m<header\u001b[39m\n        \u001b[33mclass\u001b[39m=\u001b[32m\"h-20 border-b border-white/[0.05] flex items-center justify-between px-10 shrink-0 backdrop-blur-md sticky top-0 z-50\"\u001b[39m\n      \u001b[36m>\u001b[39m\n        \u001b[36m<div\u001b[39m\n          \u001b[33mclass\u001b[39m=\u001b[32m\"flex items-center gap-12\"\u001b[39m\n        \u001b[36m>\u001b[39m\n          \u001b[36m<div\u001b[39m\n            \u001b[33mclass\u001b[39m=\u001b[32m\"flex items-center gap-3\"\u001b[39m\n          \u001b[36m>\u001b[39m\n            \u001b[36m<div\u001b[39m\n              \u001b[33mclass\u001b[39m=\u001b[32m\"w-8 h-8 flex items-center justify-center\"\u001b[39m\n            \u001b[36m>\u001b[39m\n              \u001b[36m<svg\u001b[39m\n                \u001b[33mfill\u001b[39m=\u001b[32m\"none\"\u001b[39m\n                \u001b[33mheight\u001b[39m=\u001b[32m\"32\"\u001b[39m\n                \u001b[33mviewBox\u001b[39m=\u001b[32m\"0 0 32 32\"\u001b[39m\n                \u001b[33mwidth\u001b[39m=\u001b[32m\"32\"\u001b[39m\n                \u001b[33mxmlns\u001b[39m=\u001b[32m\"http://www.w3.org/2000/svg\"\u001b[39m\n              \u001b[36m>\u001b[39m\n                \u001b[36m<path\u001b[39m\n                  \u001b[33md\u001b[39m=\u001b[32m\"M16 4L4 28H28L16 4Z\"\u001b[39m\n                  \u001b[33mstroke\u001b[39m=\u001b[32m\"var(--mantis-glow)\"\u001b[39m\n                  \u001b[33mstroke-linejoin\u001b[39m=\u001b[32m\"round\"\u001b[39m\n                  \u001b[33mstroke-width\u001b[39m=\u001b[32m\"2\"\u001b[39m\n                \u001b[36m/>\u001b[39m\n                \u001b[36m<circle\u001b[39m\n                  \u001b[33mclass\u001b[39m=\u001b[32m\"animate-pulse\"\u001b[39m\n                  \u001b[33mcx\u001b[39m=\u001b[32m\"16\"\u001b[39m\n                  \u001b[33mcy\u001b[39m=\u001b[32m\"18\"\u001b[39m\n                  \u001b[33mfill\u001b[39m=\u001b[32m\"var(--mantis-glow)\"\u001b[39m\n                  \u001b[33mr\u001b[39m=\u001b[32m\"4\"\u001b[39m\n                \u001b[36m/>\u001b[39m\n              \u001b[36m</svg>\u001b[39m\n            \u001b[36m</div>\u001b[39m\n            \u001b[36m<h1\u001b[39m\n              \u001b[33mclass\u001b[39m=\u001b[32m\"text-2xl font-black text-white italic tracking-tighter\"\u001b[39m\n            \u001b[36m>\u001b[39m\n              \u001b[0mNeural\u001b[0m\n              \u001b[36m<span\u001b[39m\n                \u001b[33mclass\u001b[39m=\u001b[32m\"text-[var(--mantis-glow)]\"\u001b[39m\n              \u001b[36m>\u001b[39m\n                \u001b[0mSync\u001b[0m\n              \u001b[36m</span>\u001b[39m\n            \u001b[36m</h1>\u001b[39m\n          \u001b[36m</div>\u001b[39m\n          \u001b[36m<nav\u001b[39m\n            \u001b[33mclass\u001b[39m=\u001b[32m\"hidden md:flex items-center gap-8\"\u001b[39m\n          \u001b[36m>\u001b[39m\n            \u001b[36m<a\u001b[39m\n              \u001b[33mclass\u001b[39m=\u001b[32m\"text-[11px] font-black uppercase tracking-[0.2em] text-[var(--mantis-glow)] border-b-2 border-[var(--mantis-glow)] pb-1\"\u001b[39m\n              \u001b[33mhref\u001b[39m=\u001b[32m\"#\"\u001b[39m\n            \u001b[36m>\u001b[39m\n              \u001b[0mIntelligence ROI\u001b[0m\n            \u001b[36m</a>\u001b[39m\n            \u001b[36m<a\u001b[39m\n              \u001b[33mclass\u001b[39m=\u001b[32m\"text-[11px] font-black uppercase tracking-[0.2em] text-white/40 hover:text-white transition-colors\"\u001b[39m\n              \u001b[33mhref\u001b[39m=\u001b[32m\"#\"\u001b[39m\n            \u001b[36m>\u001b[39m\n              \u001b[0mSpectral Data\u001b[0m\n            \u001b[36m</a>\u001b[39m\n            \u001b[36m<a\u001b[39m\n              \u001b[33mclass\u001b[39m=\u001b[32m\"text-[11px] font-black uppercase tracking-[0.2em] text-white/40 hover:text-white transition-colors\"\u001b[39m\n              \u001b[33mhref\u001b[39m=\u001b[32m\"#\"\u001b[39m\n            \u001b[36m>\u001b[39m\n              \u001b[0mOrchestration\u001b[0m\n            \u001b[36m</a>\u001b[39m\n          \u001b[36m</nav>\u001b[39m\n        \u001b[36m</div>\u001b[39m\n        \u001b[36m<div\u001b[39m\n          \u001b[33mclass\u001b[39m=\u001b[32m\"flex items-center gap-6\"\u001b[39m\n        \u001b[36m>\u001b[39m\n          \u001b[36m<button\u001b[39m\n            \u001b[33mclass\u001b[39m=\u001b[32m\"text-white/40 hover:text-white transition-colors relative\"\u001b[39m\n          \u001b[36m>\u001b[39m\n            \u001b[36m<svg\u001b[39m\n              \u001b[33maria-hidden\u001b[39m=\u001b[32m\"true\"\u001b[39m\n              \u001b[33mclass\u001b[39m=\u001b[32m\"lucide lucide-bell\"\u001b[39m\n              \u001b[33mfill\u001b[39m=\u001b[32m\"none\"\u001b[39m\n              \u001b[33mheight\u001b[39m=\u001b[32m\"20\"\u001b[39m\n              \u001b[33mstroke\u001b[39m=\u001b[32m\"currentColor\"\u001b[39m\n              \u001b[33mstroke-linecap\u001b[39m=\u001b[32m\"round\"\u001b[39m\n              \u001b[33mstroke-linejoin\u001b[39m=\u001b[32m\"round\"\u001b[39m\n              \u001b[33mstroke-width\u001b[39m=\u001b[32m\"2\"\u001b[39m\n              \u001b[33mviewBox\u001b[39m=\u001b[32m\"0 0 24 24\"\u001b[39m\n              \u001b[33mwidth\u001b[39m=\u001b[32m\"20\"\u001b[39m\n              \u001b[33mxmlns\u001b[39m=\u001b[32m\"http://www.w3.org/2000/svg\"\u001b[39m\n            \u001b[36m>\u001b[39m\n              \u001b[36m<path\u001b[39m\n                \u001b[33md\u001b[39m=\u001b[32m\"M10.268 21a2 2 0 0 0 3.464 0\"\u001b[39m\n              \u001b[36m/>\u001b[39m\n              \u001b[36m<path\u001b[39m\n                \u001b[33md\u001b[39m=\u001b[32m\"M3.262 15.326A1 1 0 0 0 4 17h16a1 1 0 0 0 .74-1.673C19.41 13.956 18 12.499 18 8A6 6 0 0 0 6 8c0 4.499-1.411 5.956-2.738 7.326\"\u001b[39m\n              \u001b[36m/>\u001b[39m\n            \u001b[36m</svg>\u001b[39m\n            \u001b[36m<div\u001b[39m\n              \u001b[33mclass\u001b[39m=\u001b[32m\"absolute top-0 right-0 w-2 h-2 bg-rose-500 rounded-full border-2 border-[#0d0d12]\"\u001b[39m\n            \u001b[36m/>\u001b[39m\n          \u001b[36m</button>\u001b[39m\n          \u001b[36m<button\u001b[39m\n            \u001b[33mclass\u001b[39m=\u001b[32m\"text-white/40 hover:text-white transition-colors\"\u001b[39m\n          \u001b[36m>\u001b[39m\n            \u001b[36m<svg\u001b[39m\n              \u001b[33maria-hidden\u001b[39m=\u001b[32m\"true\"\u001b[39m\n              \u001b[33mclass\u001b[39m=\u001b[32m\"lucide lucide-settings\"\u001b[39m\n              \u001b[33mfill\u001b[39m=\u001b[32m\"none\"\u001b[39m\n              \u001b[33mheight\u001b[39m=\u001b[32m\"20\"\u001b[39m\n              \u001b[33mstroke\u001b[39m=\u001b[32m\"currentColor\"\u001b[39m\n              \u001b[33mstroke-linecap\u001b[39m=\u001b[32m\"round\"\u001b[39m\n              \u001b[33mstroke-linejoin\u001b[39m=\u001b[32m\"round\"\u001b[39m\n              \u001b[33mstroke-width\u001b[39m=\u001b[32m\"2\"\u001b[39m\n              \u001b[33mviewBox\u001b[39m=\u001b[32m\"0 0 24 24\"\u001b[39m\n              \u001b[33mwidth\u001b[39m=\u001b[32m\"20\"\u001b[39m\n              \u001b[33mxmlns\u001b[39m=\u001b[32m\"http://www.w3.org/2000/svg\"\u001b[39m\n            \u001b[36m>\u001b[39m\n              \u001b[36m<path\u001b[39m\n                \u001b[33md\u001b[39m=\u001b[32m\"M9.671 4.136a2.34 2.34 0 0 1 4.659 0 2.34 2.34 0 0 0 3.319 1.915 2.34 2.34 0 0 1 2.33 4.033 2.34 2.34 0 0 0 0 3.831 2.34 2.34 0 0 1-2.33 4.033 2.34 2.34 0 0 0-3.319 1.915 2.34 2.34 0 0 1-4.659 0 2.34 2.34 0 0 0-3.32-1.915 2.34 2.34 0 0 1-2.33-4.033 2.34 2.34 0 0 0 0-3.831A2.34 2.34 0 0 1 6.35 6.051a2.34 2.34 0 0 0 3.319-1.915\"\u001b[39m\n              \u001b[36m/>\u001b[39m\n              \u001b[36m<circle\u001b[39m\n                \u001b[33mcx\u001b[39m=\u001b[32m\"12\"\u001b[39m\n                \u001b[33mcy\u001b[39m=\u001b[32m\"12\"\u001b[39m\n                \u001b[33mr\u001b[39m=\u001b[32m\"3\"\u001b[39m\n              \u001b[36m/>\u001b[39m\n            \u001b[36m</svg>\u001b[39m\n          \u001b[36m</button>\u001b[39m\n          \u001b[36m<div\u001b[39m\n            \u001b[33mclass\u001b[39m=\u001b[32m\"w-10 h-10 rounded-full border border-white/10 bg-white/5 flex items-center justify-center text-[var(--mantis-glow)]\"\u001b[39m\n          \u001b[36m>\u001b[39m\n            \u001b[36m<svg\u001b[39m\n              \u001b[33maria-hidden\u001b[39m=\u001b[32m\"true\"\u001b[39m\n              \u001b[33mclass\u001b[39m=\u001b[32m\"lucide lucide-user\"\u001b[39m\n              \u001b[33mfill\u001b[39m=\u001b[32m\"none\"\u001b[39..."],"location":{"line":37,"column":19}},{"ancestorTitles":["","Costs Page - Tactical HUD","Neural Investment Cards & Reservoir"],"fullName":" Costs Page - Tactical HUD Neural Investment Cards & Reservoir displays Total Neural Investment with formatted cost","status":"passed","title":"displays Total Neural Investment with formatted cost","duration":817,"failureMessages":[]},{"ancestorTitles":["","Costs Page - Tactical HUD","Neural Investment Cards & Reservoir"],"fullName":" Costs Page - Tactical HUD Neural Investment Cards & Reservoir displays Budget Reservoir with capacity","status":"passed","title":"displays Budget Reservoir with capacity","duration":659,"failureMessages":[]},{"ancestorTitles":["","Costs Page - Tactical HUD","Neural Investment Cards & Reservoir"],"fullName":" Costs Page - Tactical HUD Neural Investment Cards & Reservoir calculates efficiency delta correctly","status":"passed","title":"calculates efficiency delta correctly","duration":1078,"failureMessages":[]},{"ancestorTitles":["","Costs Page - Tactical HUD","Expenditure Index (Chart)"],"fullName":" Costs Page - Tactical HUD Expenditure Index (Chart) displays Expenditure Index section","status":"passed","title":"displays Expenditure Index section","duration":829,"failureMessages":[]},{"ancestorTitles":["","Costs Page - Tactical HUD","Expenditure Index (Chart)"],"fullName":" Costs Page - Tactical HUD Expenditure Index (Chart) shows Budget Hard Stop line on chart","status":"passed","title":"shows Budget Hard Stop line on chart","duration":539,"failureMessages":[]},{"ancestorTitles":["","Costs Page - Tactical HUD","Expenditure Index (Chart)"],"fullName":" Costs Page - Tactical HUD Expenditure Index (Chart) renders date presets","status":"passed","title":"renders date presets","duration":2157,"failureMessages":[]},{"ancestorTitles":["","Costs Page - Tactical HUD","Expenditure Index (Chart)"],"fullName":" Costs Page - Tactical HUD Expenditure Index (Chart) shows empty state when no data","status":"passed","title":"shows empty state when no data","duration":537,"failureMessages":[]},{"ancestorTitles":["","Costs Page - Tactical HUD","Tactical Modules"],"fullName":" Costs Page - Tactical HUD Tactical Modules renders Resource Caps section","status":"passed","title":"renders Resource Caps section","duration":686,"failureMessages":[]},{"ancestorTitles":["","Costs Page - Tactical HUD","Tactical Modules"],"fullName":" Costs Page - Tactical HUD Tactical Modules renders Efficiency & Performance card","status":"passed","title":"renders Efficiency & Performance card","duration":794,"failureMessages":[]},{"ancestorTitles":["","Costs Page - Tactical HUD","Tactical Modules"],"fullName":" Costs Page - Tactical HUD Tactical Modules renders AI Recommendations","status":"passed","title":"renders AI Recommendations","duration":813,"failureMessages":[]},{"ancestorTitles":["","Costs Page - Tactical HUD","Tactical Modules"],"fullName":" Costs Page - Tactical HUD Tactical Modules renders Heavy Transmissions table","status":"failed","title":"renders Heavy Transmissions table","duration":1950,"failureMessages":["Unable to find an element with the text: conv-001. This could be because the text is broken up by multiple elements. In this case, you can provide a function for your text matcher to make your matcher more flexible.\n\nIgnored nodes: comments, script, style\n\u001b[36m<body>\u001b[39m\n  \u001b[36m<div>\u001b[39m\n    \u001b[36m<div\u001b[39m\n      \u001b[33mclass\u001b[39m=\u001b[32m\"fixed inset-0 bg-[#0d0d12] text-white flex flex-col font-sans overflow-hidden\"\u001b[39m\n    \u001b[36m>\u001b[39m\n      \u001b[36m<div\u001b[39m\n        \u001b[33mclass\u001b[39m=\u001b[32m\"scanline-overlay pointer-events-none opacity-[0.05]\"\u001b[39m\n      \u001b[36m/>\u001b[39m\n      \u001b[36m<div\u001b[39m\n        \u001b[33mclass\u001b[39m=\u001b[32m\"liquid-orb top-0 -left-20 w-[600px] h-[600px] bg-[var(--mantis-glow)]/10\"\u001b[39m\n      \u001b[36m/>\u001b[39m\n      \u001b[36m<div\u001b[39m\n        \u001b[33mclass\u001b[39m=\u001b[32m\"liquid-orb bottom-0 -right-20 w-[600px] h-[600px] bg-purple-500/5\"\u001b[39m\n      \u001b[36m/>\u001b[39m\n      \u001b[36m<header\u001b[39m\n        \u001b[33mclass\u001b[39m=\u001b[32m\"h-20 border-b border-white/[0.05] flex items-center justify-between px-10 shrink-0 backdrop-blur-md sticky top-0 z-50\"\u001b[39m\n      \u001b[36m>\u001b[39m\n        \u001b[36m<div\u001b[39m\n          \u001b[33mclass\u001b[39m=\u001b[32m\"flex items-center gap-12\"\u001b[39m\n        \u001b[36m>\u001b[39m\n          \u001b[36m<div\u001b[39m\n            \u001b[33mclass\u001b[39m=\u001b[32m\"flex items-center gap-3\"\u001b[39m\n          \u001b[36m>\u001b[39m\n            \u001b[36m<div\u001b[39m\n              \u001b[33mclass\u001b[39m=\u001b[32m\"w-8 h-8 flex items-center justify-center\"\u001b[39m\n            \u001b[36m>\u001b[39m\n              \u001b[36m<svg\u001b[39m\n                \u001b[33mfill\u001b[39m=\u001b[32m\"none\"\u001b[39m\n                \u001b[33mheight\u001b[39m=\u001b[32m\"32\"\u001b[39m\n                \u001b[33mviewBox\u001b[39m=\u001b[32m\"0 0 32 32\"\u001b[39m\n                \u001b[33mwidth\u001b[39m=\u001b[32m\"32\"\u001b[39m\n                \u001b[33mxmlns\u001b[39m=\u001b[32m\"http://www.w3.org/2000/svg\"\u001b[39m\n              \u001b[36m>\u001b[39m\n                \u001b[36m<path\u001b[39m\n                  \u001b[33md\u001b[39m=\u001b[32m\"M16 4L4 28H28L16 4Z\"\u001b[39m\n                  \u001b[33mstroke\u001b[39m=\u001b[32m\"var(--mantis-glow)\"\u001b[39m\n                  \u001b[33mstroke-linejoin\u001b[39m=\u001b[32m\"round\"\u001b[39m\n                  \u001b[33mstroke-width\u001b[39m=\u001b[32m\"2\"\u001b[39m\n                \u001b[36m/>\u001b[39m\n                \u001b[36m<circle\u001b[39m\n                  \u001b[33mclass\u001b[39m=\u001b[32m\"animate-pulse\"\u001b[39m\n                  \u001b[33mcx\u001b[39m=\u001b[32m\"16\"\u001b[39m\n                  \u001b[33mcy\u001b[39m=\u001b[32m\"18\"\u001b[39m\n                  \u001b[33mfill\u001b[39m=\u001b[32m\"var(--mantis-glow)\"\u001b[39m\n                  \u001b[33mr\u001b[39m=\u001b[32m\"4\"\u001b[39m\n                \u001b[36m/>\u001b[39m\n              \u001b[36m</svg>\u001b[39m\n            \u001b[36m</div>\u001b[39m\n            \u001b[36m<h1\u001b[39m\n              \u001b[33mclass\u001b[39m=\u001b[32m\"text-2xl font-black text-white italic tracking-tighter\"\u001b[39m\n            \u001b[36m>\u001b[39m\n              \u001b[0mNeural\u001b[0m\n              \u001b[36m<span\u001b[39m\n                \u001b[33mclass\u001b[39m=\u001b[32m\"text-[var(--mantis-glow)]\"\u001b[39m\n              \u001b[36m>\u001b[39m\n                \u001b[0mSync\u001b[0m\n              \u001b[36m</span>\u001b[39m\n            \u001b[36m</h1>\u001b[39m\n          \u001b[36m</div>\u001b[39m\n          \u001b[36m<nav\u001b[39m\n            \u001b[33mclass\u001b[39m=\u001b[32m\"hidden md:flex items-center gap-8\"\u001b[39m\n          \u001b[36m>\u001b[39m\n            \u001b[36m<a\u001b[39m\n              \u001b[33mclass\u001b[39m=\u001b[32m\"text-[11px] font-black uppercase tracking-[0.2em] text-[var(--mantis-glow)] border-b-2 border-[var(--mantis-glow)] pb-1\"\u001b[39m\n              \u001b[33mhref\u001b[39m=\u001b[32m\"#\"\u001b[39m\n            \u001b[36m>\u001b[39m\n              \u001b[0mIntelligence ROI\u001b[0m\n            \u001b[36m</a>\u001b[39m\n            \u001b[36m<a\u001b[39m\n              \u001b[33mclass\u001b[39m=\u001b[32m\"text-[11px] font-black uppercase tracking-[0.2em] text-white/40 hover:text-white transition-colors\"\u001b[39m\n              \u001b[33mhref\u001b[39m=\u001b[32m\"#\"\u001b[39m\n            \u001b[36m>\u001b[39m\n              \u001b[0mSpectral Data\u001b[0m\n            \u001b[36m</a>\u001b[39m\n            \u001b[36m<a\u001b[39m\n              \u001b[33mclass\u001b[39m=\u001b[32m\"text-[11px] font-black uppercase tracking-[0.2em] text-white/40 hover:text-white transition-colors\"\u001b[39m\n              \u001b[33mhref\u001b[39m=\u001b[32m\"#\"\u001b[39m\n            \u001b[36m>\u001b[39m\n              \u001b[0mOrchestration\u001b[0m\n            \u001b[36m</a>\u001b[39m\n          \u001b[36m</nav>\u001b[39m\n        \u001b[36m</div>\u001b[39m\n        \u001b[36m<div\u001b[39m\n          \u001b[33mclass\u001b[39m=\u001b[32m\"flex items-center gap-6\"\u001b[39m\n        \u001b[36m>\u001b[39m\n          \u001b[36m<button\u001b[39m\n            \u001b[33mclass\u001b[39m=\u001b[32m\"text-white/40 hover:text-white transition-colors relative\"\u001b[39m\n          \u001b[36m>\u001b[39m\n            \u001b[36m<svg\u001b[39m\n              \u001b[33maria-hidden\u001b[39m=\u001b[32m\"true\"\u001b[39m\n              \u001b[33mclass\u001b[39m=\u001b[32m\"lucide lucide-bell\"\u001b[39m\n              \u001b[33mfill\u001b[39m=\u001b[32m\"none\"\u001b[39m\n              \u001b[33mheight\u001b[39m=\u001b[32m\"20\"\u001b[39m\n              \u001b[33mstroke\u001b[39m=\u001b[32m\"currentColor\"\u001b[39m\n              \u001b[33mstroke-linecap\u001b[39m=\u001b[32m\"round\"\u001b[39m\n              \u001b[33mstroke-linejoin\u001b[39m=\u001b[32m\"round\"\u001b[39m\n              \u001b[33mstroke-width\u001b[39m=\u001b[32m\"2\"\u001b[39m\n              \u001b[33mviewBox\u001b[39m=\u001b[32m\"0 0 24 24\"\u001b[39m\n              \u001b[33mwidth\u001b[39m=\u001b[32m\"20\"\u001b[39m\n              \u001b[33mxmlns\u001b[39m=\u001b[32m\"http://www.w3.org/2000/svg\"\u001b[39m\n            \u001b[36m>\u001b[39m\n              \u001b[36m<path\u001b[39m\n                \u001b[33md\u001b[39m=\u001b[32m\"M10.268 21a2 2 0 0 0 3.464 0\"\u001b[39m\n              \u001b[36m/>\u001b[39m\n              \u001b[36m<path\u001b[39m\n                \u001b[33md\u001b[39m=\u001b[32m\"M3.262 15.326A1 1 0 0 0 4 17h16a1 1 0 0 0 .74-1.673C19.41 13.956 18 12.499 18 8A6 6 0 0 0 6 8c0 4.499-1.411 5.956-2.738 7.326\"\u001b[39m\n              \u001b[36m/>\u001b[39m\n            \u001b[36m</svg>\u001b[39m\n            \u001b[36m<div\u001b[39m\n              \u001b[33mclass\u001b[39m=\u001b[32m\"absolute top-0 right-0 w-2 h-2 bg-rose-500 rounded-full border-2 border-[#0d0d12]\"\u001b[39m\n            \u001b[36m/>\u001b[39m\n          \u001b[36m</button>\u001b[39m\n          \u001b[36m<button\u001b[39m\n            \u001b[33mclass\u001b[39m=\u001b[32m\"text-white/40 hover:text-white transition-colors\"\u001b[39m\n          \u001b[36m>\u001b[39m\n            \u001b[36m<svg\u001b[39m\n              \u001b[33maria-hidden\u001b[39m=\u001b[32m\"true\"\u001b[39m\n              \u001b[33mclass\u001b[39m=\u001b[32m\"lucide lucide-settings\"\u001b[39m\n              \u001b[33mfill\u001b[39m=\u001b[32m\"none\"\u001b[39m\n              \u001b[33mheight\u001b[39m=\u001b[32m\"20\"\u001b[39m\n              \u001b[33mstroke\u001b[39m=\u001b[32m\"currentColor\"\u001b[39m\n              \u001b[33mstroke-linecap\u001b[39m=\u001b[32m\"round\"\u001b[39m\n              \u001b[33mstroke-linejoin\u001b[39m=\u001b[32m\"round\"\u001b[39m\n              \u001b[33mstroke-width\u001b[39m=\u001b[32m\"2\"\u001b[39m\n              \u001b[33mviewBox\u001b[39m=\u001b[32m\"0 0 24 24\"\u001b[39m\n              \u001b[33mwidth\u001b[39m=\u001b[32m\"20\"\u001b[39m\n              \u001b[33mxmlns\u001b[39m=\u001b[32m\"http://www.w3.org/2000/svg\"\u001b[39m\n            \u001b[36m>\u001b[39m\n              \u001b[36m<path\u001b[39m\n                \u001b[33md\u001b[39m=\u001b[32m\"M9.671 4.136a2.34 2.34 0 0 1 4.659 0 2.34 2.34 0 0 0 3.319 1.915 2.34 2.34 0 0 1 2.33 4.033 2.34 2.34 0 0 0 0 3.831 2.34 2.34 0 0 1-2.33 4.033 2.34 2.34 0 0 0-3.319 1.915 2.34 2.34 0 0 1-4.659 0 2.34 2.34 0 0 0-3.32-1.915 2.34 2.34 0 0 1-2.33-4.033 2.34 2.34 0 0 0 0-3.831A2.34 2.34 0 0 1 6.35 6.051a2.34 2.34 0 0 0 3.319-1.915\"\u001b[39m\n              \u001b[36m/>\u001b[39m\n              \u001b[36m<circle\u001b[39m\n                \u001b[33mcx\u001b[39m=\u001b[32m\"12\"\u001b[39m\n                \u001b[33mcy\u001b[39m=\u001b[32m\"12\"\u001b[39m\n                \u001b[33mr\u001b[39m=\u001b[32m\"3\"\u001b[39m\n              \u001b[36m/>\u001b[39m\n            \u001b[36m</svg>\u001b[39m\n          \u001b[36m</button>\u001b[39m\n          \u001b[36m<div\u001b[39m\n            \u001b[33mclass\u001b[39m=\u001b[32m\"w-10 h-10 rounded-full border border-white/10 bg-white/5 flex items-center justify-center text-[var(--mantis-glow)]\"\u001b[39m\n          \u001b[36m>\u001b[39m\n            \u001b[36m<svg\u001b[39m\n              \u001b[33maria-hidden\u001b[39m=\u001b[32m\"true\"\u001b[39m\n              \u001b[33mclass\u001b[39m=\u001b[32m\"lucide lucide-user\"\u001b[39m\n              \u001b[33mfill\u001b[39m=\u001b[32m\"none\"\u001b[39..."],"location":{"line":37,"column":19}},{"ancestorTitles":["","Costs Page - Tactical HUD","Interaction & Polling"],"fullName":" Costs Page - Tactical HUD Interaction & Polling calls fetchCostSummary when refresh is clicked","status":"failed","title":"calls fetchCostSummary when refresh is clicked","duration":954,"failureMessages":["Unable to find an element with the title: Refresh data.\n\nIgnored nodes: comments, script, style\n\u001b[36m<body>\u001b[39m\n  \u001b[36m<div>\u001b[39m\n    \u001b[36m<div\u001b[39m\n      \u001b[33mclass\u001b[39m=\u001b[32m\"fixed inset-0 bg-[#0d0d12] text-white flex flex-col font-sans overflow-hidden\"\u001b[39m\n    \u001b[36m>\u001b[39m\n      \u001b[36m<div\u001b[39m\n        \u001b[33mclass\u001b[39m=\u001b[32m\"scanline-overlay pointer-events-none opacity-[0.05]\"\u001b[39m\n      \u001b[36m/>\u001b[39m\n      \u001b[36m<div\u001b[39m\n        \u001b[33mclass\u001b[39m=\u001b[32m\"liquid-orb top-0 -left-20 w-[600px] h-[600px] bg-[var(--mantis-glow)]/10\"\u001b[39m\n      \u001b[36m/>\u001b[39m\n      \u001b[36m<div\u001b[39m\n        \u001b[33mclass\u001b[39m=\u001b[32m\"liquid-orb bottom-0 -right-20 w-[600px] h-[600px] bg-purple-500/5\"\u001b[39m\n      \u001b[36m/>\u001b[39m\n      \u001b[36m<header\u001b[39m\n        \u001b[33mclass\u001b[39m=\u001b[32m\"h-20 border-b border-white/[0.05] flex items-center justify-between px-10 shrink-0 backdrop-blur-md sticky top-0 z-50\"\u001b[39m\n      \u001b[36m>\u001b[39m\n        \u001b[36m<div\u001b[39m\n          \u001b[33mclass\u001b[39m=\u001b[32m\"flex items-center gap-12\"\u001b[39m\n        \u001b[36m>\u001b[39m\n          \u001b[36m<div\u001b[39m\n            \u001b[33mclass\u001b[39m=\u001b[32m\"flex items-center gap-3\"\u001b[39m\n          \u001b[36m>\u001b[39m\n            \u001b[36m<div\u001b[39m\n              \u001b[33mclass\u001b[39m=\u001b[32m\"w-8 h-8 flex items-center justify-center\"\u001b[39m\n            \u001b[36m>\u001b[39m\n              \u001b[36m<svg\u001b[39m\n                \u001b[33mfill\u001b[39m=\u001b[32m\"none\"\u001b[39m\n                \u001b[33mheight\u001b[39m=\u001b[32m\"32\"\u001b[39m\n                \u001b[33mviewBox\u001b[39m=\u001b[32m\"0 0 32 32\"\u001b[39m\n                \u001b[33mwidth\u001b[39m=\u001b[32m\"32\"\u001b[39m\n                \u001b[33mxmlns\u001b[39m=\u001b[32m\"http://www.w3.org/2000/svg\"\u001b[39m\n              \u001b[36m>\u001b[39m\n                \u001b[36m<path\u001b[39m\n                  \u001b[33md\u001b[39m=\u001b[32m\"M16 4L4 28H28L16 4Z\"\u001b[39m\n                  \u001b[33mstroke\u001b[39m=\u001b[32m\"var(--mantis-glow)\"\u001b[39m\n                  \u001b[33mstroke-linejoin\u001b[39m=\u001b[32m\"round\"\u001b[39m\n                  \u001b[33mstroke-width\u001b[39m=\u001b[32m\"2\"\u001b[39m\n                \u001b[36m/>\u001b[39m\n                \u001b[36m<circle\u001b[39m\n                  \u001b[33mclass\u001b[39m=\u001b[32m\"animate-pulse\"\u001b[39m\n                  \u001b[33mcx\u001b[39m=\u001b[32m\"16\"\u001b[39m\n                  \u001b[33mcy\u001b[39m=\u001b[32m\"18\"\u001b[39m\n                  \u001b[33mfill\u001b[39m=\u001b[32m\"var(--mantis-glow)\"\u001b[39m\n                  \u001b[33mr\u001b[39m=\u001b[32m\"4\"\u001b[39m\n                \u001b[36m/>\u001b[39m\n              \u001b[36m</svg>\u001b[39m\n            \u001b[36m</div>\u001b[39m\n            \u001b[36m<h1\u001b[39m\n              \u001b[33mclass\u001b[39m=\u001b[32m\"text-2xl font-black text-white italic tracking-tighter\"\u001b[39m\n            \u001b[36m>\u001b[39m\n              \u001b[0mNeural\u001b[0m\n              \u001b[36m<span\u001b[39m\n                \u001b[33mclass\u001b[39m=\u001b[32m\"text-[var(--mantis-glow)]\"\u001b[39m\n              \u001b[36m>\u001b[39m\n                \u001b[0mSync\u001b[0m\n              \u001b[36m</span>\u001b[39m\n            \u001b[36m</h1>\u001b[39m\n          \u001b[36m</div>\u001b[39m\n          \u001b[36m<nav\u001b[39m\n            \u001b[33mclass\u001b[39m=\u001b[32m\"hidden md:flex items-center gap-8\"\u001b[39m\n          \u001b[36m>\u001b[39m\n            \u001b[36m<a\u001b[39m\n              \u001b[33mclass\u001b[39m=\u001b[32m\"text-[11px] font-black uppercase tracking-[0.2em] text-[var(--mantis-glow)] border-b-2 border-[var(--mantis-glow)] pb-1\"\u001b[39m\n              \u001b[33mhref\u001b[39m=\u001b[32m\"#\"\u001b[39m\n            \u001b[36m>\u001b[39m\n              \u001b[0mIntelligence ROI\u001b[0m\n            \u001b[36m</a>\u001b[39m\n            \u001b[36m<a\u001b[39m\n              \u001b[33mclass\u001b[39m=\u001b[32m\"text-[11px] font-black uppercase tracking-[0.2em] text-white/40 hover:text-white transition-colors\"\u001b[39m\n              \u001b[33mhref\u001b[39m=\u001b[32m\"#\"\u001b[39m\n            \u001b[36m>\u001b[39m\n              \u001b[0mSpectral Data\u001b[0m\n            \u001b[36m</a>\u001b[39m\n            \u001b[36m<a\u001b[39m\n              \u001b[33mclass\u001b[39m=\u001b[32m\"text-[11px] font-black uppercase tracking-[0.2em] text-white/40 hover:text-white transition-colors\"\u001b[39m\n              \u001b[33mhref\u001b[39m=\u001b[32m\"#\"\u001b[39m\n            \u001b[36m>\u001b[39m\n              \u001b[0mOrchestration\u001b[0m\n            \u001b[36m</a>\u001b[39m\n          \u001b[36m</nav>\u001b[39m\n        \u001b[36m</div>\u001b[39m\n        \u001b[36m<div\u001b[39m\n          \u001b[33mclass\u001b[39m=\u001b[32m\"flex items-center gap-6\"\u001b[39m\n        \u001b[36m>\u001b[39m\n          \u001b[36m<button\u001b[39m\n            \u001b[33mclass\u001b[39m=\u001b[32m\"text-white/40 hover:text-white transition-colors relative\"\u001b[39m\n          \u001b[36m>\u001b[39m\n            \u001b[36m<svg\u001b[39m\n              \u001b[33maria-hidden\u001b[39m=\u001b[32m\"true\"\u001b[39m\n              \u001b[33mclass\u001b[39m=\u001b[32m\"lucide lucide-bell\"\u001b[39m\n              \u001b[33mfill\u001b[39m=\u001b[32m\"none\"\u001b[39m\n              \u001b[33mheight\u001b[39m=\u001b[32m\"20\"\u001b[39m\n              \u001b[33mstroke\u001b[39m=\u001b[32m\"currentColor\"\u001b[39m\n              \u001b[33mstroke-linecap\u001b[39m=\u001b[32m\"round\"\u001b[39m\n              \u001b[33mstroke-linejoin\u001b[39m=\u001b[32m\"round\"\u001b[39m\n              \u001b[33mstroke-width\u001b[39m=\u001b[32m\"2\"\u001b[39m\n              \u001b[33mviewBox\u001b[39m=\u001b[32m\"0 0 24 24\"\u001b[39m\n              \u001b[33mwidth\u001b[39m=\u001b[32m\"20\"\u001b[39m\n              \u001b[33mxmlns\u001b[39m=\u001b[32m\"http://www.w3.org/2000/svg\"\u001b[39m\n            \u001b[36m>\u001b[39m\n              \u001b[36m<path\u001b[39m\n                \u001b[33md\u001b[39m=\u001b[32m\"M10.268 21a2 2 0 0 0 3.464 0\"\u001b[39m\n              \u001b[36m/>\u001b[39m\n              \u001b[36m<path\u001b[39m\n                \u001b[33md\u001b[39m=\u001b[32m\"M3.262 15.326A1 1 0 0 0 4 17h16a1 1 0 0 0 .74-1.673C19.41 13.956 18 12.499 18 8A6 6 0 0 0 6 8c0 4.499-1.411 5.956-2.738 7.326\"\u001b[39m\n              \u001b[36m/>\u001b[39m\n            \u001b[36m</svg>\u001b[39m\n            \u001b[36m<div\u001b[39m\n              \u001b[33mclass\u001b[39m=\u001b[32m\"absolute top-0 right-0 w-2 h-2 bg-rose-500 rounded-full border-2 border-[#0d0d12]\"\u001b[39m\n            \u001b[36m/>\u001b[39m\n          \u001b[36m</button>\u001b[39m\n          \u001b[36m<button\u001b[39m\n            \u001b[33mclass\u001b[39m=\u001b[32m\"text-white/40 hover:text-white transition-colors\"\u001b[39m\n          \u001b[36m>\u001b[39m\n            \u001b[36m<svg\u001b[39m\n              \u001b[33maria-hidden\u001b[39m=\u001b[32m\"true\"\u001b[39m\n              \u001b[33mclass\u001b[39m=\u001b[32m\"lucide lucide-settings\"\u001b[39m\n              \u001b[33mfill\u001b[39m=\u001b[32m\"none\"\u001b[39m\n              \u001b[33mheight\u001b[39m=\u001b[32m\"20\"\u001b[39m\n              \u001b[33mstroke\u001b[39m=\u001b[32m\"currentColor\"\u001b[39m\n              \u001b[33mstroke-linecap\u001b[39m=\u001b[32m\"round\"\u001b[39m\n              \u001b[33mstroke-linejoin\u001b[39m=\u001b[32m\"round\"\u001b[39m\n              \u001b[33mstroke-width\u001b[39m=\u001b[32m\"2\"\u001b[39m\n              \u001b[33mviewBox\u001b[39m=\u001b[32m\"0 0 24 24\"\u001b[39m\n              \u001b[33mwidth\u001b[39m=\u001b[32m\"20\"\u001b[39m\n              \u001b[33mxmlns\u001b[39m=\u001b[32m\"http://www.w3.org/2000/svg\"\u001b[39m\n            \u001b[36m>\u001b[39m\n              \u001b[36m<path\u001b[39m\n                \u001b[33md\u001b[39m=\u001b[32m\"M9.671 4.136a2.34 2.34 0 0 1 4.659 0 2.34 2.34 0 0 0 3.319 1.915 2.34 2.34 0 0 1 2.33 4.033 2.34 2.34 0 0 0 0 3.831 2.34 2.34 0 0 1-2.33 4.033 2.34 2.34 0 0 0-3.319 1.915 2.34 2.34 0 0 1-4.659 0 2.34 2.34 0 0 0-3.32-1.915 2.34 2.34 0 0 1-2.33-4.033 2.34 2.34 0 0 0 0-3.831A2.34 2.34 0 0 1 6.35 6.051a2.34 2.34 0 0 0 3.319-1.915\"\u001b[39m\n              \u001b[36m/>\u001b[39m\n              \u001b[36m<circle\u001b[39m\n                \u001b[33mcx\u001b[39m=\u001b[32m\"12\"\u001b[39m\n                \u001b[33mcy\u001b[39m=\u001b[32m\"12\"\u001b[39m\n                \u001b[33mr\u001b[39m=\u001b[32m\"3\"\u001b[39m\n              \u001b[36m/>\u001b[39m\n            \u001b[36m</svg>\u001b[39m\n          \u001b[36m</button>\u001b[39m\n          \u001b[36m<div\u001b[39m\n            \u001b[33mclass\u001b[39m=\u001b[32m\"w-10 h-10 rounded-full border border-white/10 bg-white/5 flex items-center justify-center text-[var(--mantis-glow)]\"\u001b[39m\n          \u001b[36m>\u001b[39m\n            \u001b[36m<svg\u001b[39m\n              \u001b[33maria-hidden\u001b[39m=\u001b[32m\"true\"\u001b[39m\n              \u001b[33mclass\u001b[39m=\u001b[32m\"lucide lucide-user\"\u001b[39m\n              \u001b[33mfill\u001b[39m=\u001b[32m\"none\"\u001b[39..."],"location":{"line":37,"column":19}},{"ancestorTitles":["","Costs Page - Tactical HUD","Interaction & Polling"],"fullName":" Costs Page - Tactical HUD Interaction & Polling displays live orchestration telemetry","status":"passed","title":"displays live orchestration telemetry","duration":1361,"failureMessages":[]}],"startTime":1774077602412,"endTime":1774077622028,"status":"failed","message":"","name":"/Users/sherwingorechomante/shop/frontend/src/pages/Costs.test.tsx"}]}